16-Aug-2024 15:58:30.511 INFO [main] org.apache.catalina.startup.VersionLoggerListener.log Server version name:   Apache Tomcat/9.0.91
16-Aug-2024 15:58:30.514 INFO [main] org.apache.catalina.startup.VersionLoggerListener.log Server built:          Jul 2 2024 12:35:51 UTC
16-Aug-2024 15:58:30.514 INFO [main] org.apache.catalina.startup.VersionLoggerListener.log Server version number: 9.0.91.0
16-Aug-2024 15:58:30.514 INFO [main] org.apache.catalina.startup.VersionLoggerListener.log OS Name:               Windows 11
16-Aug-2024 15:58:30.514 INFO [main] org.apache.catalina.startup.VersionLoggerListener.log OS Version:            10.0
16-Aug-2024 15:58:30.514 INFO [main] org.apache.catalina.startup.VersionLoggerListener.log Architecture:          amd64
16-Aug-2024 15:58:30.515 INFO [main] org.apache.catalina.startup.VersionLoggerListener.log Java Home:             C:\Users\Binal Lokitha\.jdks\corretto-11.0.24
16-Aug-2024 15:58:30.515 INFO [main] org.apache.catalina.startup.VersionLoggerListener.log JVM Version:           11.0.24+8-LTS
16-Aug-2024 15:58:30.515 INFO [main] org.apache.catalina.startup.VersionLoggerListener.log JVM Vendor:            Amazon.com Inc.
16-Aug-2024 15:58:30.515 INFO [main] org.apache.catalina.startup.VersionLoggerListener.log CATALINA_BASE:         C:\Users\Binal Lokitha\Desktop\EAD2\Day05\DBprac\webApp_LMS
16-Aug-2024 15:58:30.515 INFO [main] org.apache.catalina.startup.VersionLoggerListener.log CATALINA_HOME:         C:\Users\Binal Lokitha\Desktop\DependancyFiles\apache-tomcat-9.0.91-windows-x64\apache-tomcat-9.0.91
16-Aug-2024 15:58:30.526 INFO [main] org.apache.catalina.startup.VersionLoggerListener.log Command line argument: --add-opens=java.base/java.lang=ALL-UNNAMED
16-Aug-2024 15:58:30.526 INFO [main] org.apache.catalina.startup.VersionLoggerListener.log Command line argument: --add-opens=java.base/java.io=ALL-UNNAMED
16-Aug-2024 15:58:30.526 INFO [main] org.apache.catalina.startup.VersionLoggerListener.log Command line argument: --add-opens=java.base/java.util=ALL-UNNAMED
16-Aug-2024 15:58:30.526 INFO [main] org.apache.catalina.startup.VersionLoggerListener.log Command line argument: --add-opens=java.base/java.util.concurrent=ALL-UNNAMED
16-Aug-2024 15:58:30.527 INFO [main] org.apache.catalina.startup.VersionLoggerListener.log Command line argument: --add-opens=java.rmi/sun.rmi.transport=ALL-UNNAMED
16-Aug-2024 15:58:30.527 INFO [main] org.apache.catalina.startup.VersionLoggerListener.log Command line argument: -Dcatalina.home=C:\Users\Binal Lokitha\Desktop\DependancyFiles\apache-tomcat-9.0.91-windows-x64\apache-tomcat-9.0.91
16-Aug-2024 15:58:30.527 INFO [main] org.apache.catalina.startup.VersionLoggerListener.log Command line argument: -Dcatalina.base=C:\Users\Binal Lokitha\Desktop\EAD2\Day05\DBprac\webApp_LMS
16-Aug-2024 15:58:30.527 INFO [main] org.apache.catalina.startup.VersionLoggerListener.log Command line argument: -Djava.io.tmpdir=C:\Users\Binal Lokitha\Desktop\EAD2\Day05\DBprac\webApp_LMS\temp
16-Aug-2024 15:58:30.527 INFO [main] org.apache.catalina.startup.VersionLoggerListener.log Command line argument: -Djava.util.logging.config.file=C:\Users\Binal Lokitha\Desktop\EAD2\Day05\DBprac\webApp_LMS\conf\logging.properties
16-Aug-2024 15:58:30.527 INFO [main] org.apache.catalina.startup.VersionLoggerListener.log Command line argument: -Djava.util.logging.manager=org.apache.juli.ClassLoaderLogManager
16-Aug-2024 15:58:30.527 INFO [main] org.apache.catalina.startup.VersionLoggerListener.log Command line argument: -javaagent:C:\Program Files\JetBrains\IntelliJ IDEA Community Edition 2023.2.2\lib\idea_rt.jar=49810:C:\Program Files\JetBrains\IntelliJ IDEA Community Edition 2023.2.2\bin
16-Aug-2024 15:58:30.527 INFO [main] org.apache.catalina.startup.VersionLoggerListener.log Command line argument: -Dfile.encoding=UTF-8
16-Aug-2024 15:58:30.570 INFO [main] org.apache.catalina.core.AprLifecycleListener.lifecycleEvent Loaded Apache Tomcat Native library [1.3.0] using APR version [1.7.4].
16-Aug-2024 15:58:30.570 INFO [main] org.apache.catalina.core.AprLifecycleListener.lifecycleEvent APR capabilities: IPv6 [true], sendfile [true], accept filters [false], random [true], UDS [true].
16-Aug-2024 15:58:30.571 INFO [main] org.apache.catalina.core.AprLifecycleListener.lifecycleEvent APR/OpenSSL configuration: useAprConnector [false], useOpenSSL [true]
16-Aug-2024 15:58:30.595 INFO [main] org.apache.catalina.core.AprLifecycleListener.initializeSSL OpenSSL successfully initialized [OpenSSL 3.0.13 30 Jan 2024]
16-Aug-2024 15:58:30.936 INFO [main] org.apache.coyote.AbstractProtocol.init Initializing ProtocolHandler ["http-nio-8080"]
16-Aug-2024 15:58:30.953 INFO [main] org.apache.catalina.startup.Catalina.load Server initialization in [668] milliseconds
16-Aug-2024 15:58:31.016 INFO [main] org.apache.catalina.core.StandardService.startInternal Starting service [Catalina]
16-Aug-2024 15:58:31.017 INFO [main] org.apache.catalina.core.StandardEngine.startInternal Starting Servlet engine: [Apache Tomcat/9.0.91]
16-Aug-2024 15:58:31.026 INFO [main] org.apache.catalina.startup.HostConfig.deployDescriptor Deploying deployment descriptor [C:\Users\Binal Lokitha\Desktop\EAD2\Day05\DBprac\webApp_LMS\conf\Catalina\localhost\webApp_war.xml]
16-Aug-2024 15:58:31.460 INFO [main] org.apache.catalina.startup.HostConfig.deployDescriptor Deployment of deployment descriptor [C:\Users\Binal Lokitha\Desktop\EAD2\Day05\DBprac\webApp_LMS\conf\Catalina\localhost\webApp_war.xml] has finished in [433] ms
16-Aug-2024 15:58:31.464 INFO [main] org.apache.coyote.AbstractProtocol.start Starting ProtocolHandler ["http-nio-8080"]
16-Aug-2024 15:58:31.559 INFO [main] org.apache.catalina.startup.Catalina.start Server startup in [605] milliseconds
16-Aug-2024 16:20:16.449 INFO [Thread-1] org.apache.coyote.AbstractProtocol.pause Pausing ProtocolHandler ["http-nio-8080"]
16-Aug-2024 16:20:16.547 INFO [Thread-1] org.apache.catalina.core.StandardService.stopInternal Stopping service [Catalina]
16-Aug-2024 16:20:16.564 INFO [Thread-1] org.apache.coyote.AbstractProtocol.stop Stopping ProtocolHandler ["http-nio-8080"]
16-Aug-2024 16:20:16.571 INFO [Thread-1] org.apache.coyote.AbstractProtocol.destroy Destroying ProtocolHandler ["http-nio-8080"]
16-Aug-2024 16:24:50.613 INFO [main] org.apache.catalina.startup.VersionLoggerListener.log Server version name:   Apache Tomcat/9.0.91
16-Aug-2024 16:24:50.616 INFO [main] org.apache.catalina.startup.VersionLoggerListener.log Server built:          Jul 2 2024 12:35:51 UTC
16-Aug-2024 16:24:50.616 INFO [main] org.apache.catalina.startup.VersionLoggerListener.log Server version number: 9.0.91.0
16-Aug-2024 16:24:50.616 INFO [main] org.apache.catalina.startup.VersionLoggerListener.log OS Name:               Windows 11
16-Aug-2024 16:24:50.616 INFO [main] org.apache.catalina.startup.VersionLoggerListener.log OS Version:            10.0
16-Aug-2024 16:24:50.616 INFO [main] org.apache.catalina.startup.VersionLoggerListener.log Architecture:          amd64
16-Aug-2024 16:24:50.616 INFO [main] org.apache.catalina.startup.VersionLoggerListener.log Java Home:             C:\Users\Binal Lokitha\.jdks\corretto-11.0.24
16-Aug-2024 16:24:50.616 INFO [main] org.apache.catalina.startup.VersionLoggerListener.log JVM Version:           11.0.24+8-LTS
16-Aug-2024 16:24:50.616 INFO [main] org.apache.catalina.startup.VersionLoggerListener.log JVM Vendor:            Amazon.com Inc.
16-Aug-2024 16:24:50.616 INFO [main] org.apache.catalina.startup.VersionLoggerListener.log CATALINA_BASE:         C:\Users\Binal Lokitha\Desktop\EAD2\Day05\DBprac\webApp_LMS
16-Aug-2024 16:24:50.617 INFO [main] org.apache.catalina.startup.VersionLoggerListener.log CATALINA_HOME:         C:\Users\Binal Lokitha\Desktop\DependancyFiles\apache-tomcat-9.0.91-windows-x64\apache-tomcat-9.0.91
16-Aug-2024 16:24:50.627 INFO [main] org.apache.catalina.startup.VersionLoggerListener.log Command line argument: --add-opens=java.base/java.lang=ALL-UNNAMED
16-Aug-2024 16:24:50.627 INFO [main] org.apache.catalina.startup.VersionLoggerListener.log Command line argument: --add-opens=java.base/java.io=ALL-UNNAMED
16-Aug-2024 16:24:50.627 INFO [main] org.apache.catalina.startup.VersionLoggerListener.log Command line argument: --add-opens=java.base/java.util=ALL-UNNAMED
16-Aug-2024 16:24:50.628 INFO [main] org.apache.catalina.startup.VersionLoggerListener.log Command line argument: --add-opens=java.base/java.util.concurrent=ALL-UNNAMED
16-Aug-2024 16:24:50.628 INFO [main] org.apache.catalina.startup.VersionLoggerListener.log Command line argument: --add-opens=java.rmi/sun.rmi.transport=ALL-UNNAMED
16-Aug-2024 16:24:50.628 INFO [main] org.apache.catalina.startup.VersionLoggerListener.log Command line argument: -Dcatalina.home=C:\Users\Binal Lokitha\Desktop\DependancyFiles\apache-tomcat-9.0.91-windows-x64\apache-tomcat-9.0.91
16-Aug-2024 16:24:50.628 INFO [main] org.apache.catalina.startup.VersionLoggerListener.log Command line argument: -Dcatalina.base=C:\Users\Binal Lokitha\Desktop\EAD2\Day05\DBprac\webApp_LMS
16-Aug-2024 16:24:50.628 INFO [main] org.apache.catalina.startup.VersionLoggerListener.log Command line argument: -Djava.io.tmpdir=C:\Users\Binal Lokitha\Desktop\EAD2\Day05\DBprac\webApp_LMS\temp
16-Aug-2024 16:24:50.628 INFO [main] org.apache.catalina.startup.VersionLoggerListener.log Command line argument: -Djava.util.logging.config.file=C:\Users\Binal Lokitha\Desktop\EAD2\Day05\DBprac\webApp_LMS\conf\logging.properties
16-Aug-2024 16:24:50.628 INFO [main] org.apache.catalina.startup.VersionLoggerListener.log Command line argument: -Djava.util.logging.manager=org.apache.juli.ClassLoaderLogManager
16-Aug-2024 16:24:50.628 INFO [main] org.apache.catalina.startup.VersionLoggerListener.log Command line argument: -javaagent:C:\Program Files\JetBrains\IntelliJ IDEA Community Edition 2023.2.2\lib\idea_rt.jar=51446:C:\Program Files\JetBrains\IntelliJ IDEA Community Edition 2023.2.2\bin
16-Aug-2024 16:24:50.628 INFO [main] org.apache.catalina.startup.VersionLoggerListener.log Command line argument: -Dfile.encoding=UTF-8
16-Aug-2024 16:24:50.684 INFO [main] org.apache.catalina.core.AprLifecycleListener.lifecycleEvent Loaded Apache Tomcat Native library [1.3.0] using APR version [1.7.4].
16-Aug-2024 16:24:50.685 INFO [main] org.apache.catalina.core.AprLifecycleListener.lifecycleEvent APR capabilities: IPv6 [true], sendfile [true], accept filters [false], random [true], UDS [true].
16-Aug-2024 16:24:50.685 INFO [main] org.apache.catalina.core.AprLifecycleListener.lifecycleEvent APR/OpenSSL configuration: useAprConnector [false], useOpenSSL [true]
16-Aug-2024 16:24:50.691 INFO [main] org.apache.catalina.core.AprLifecycleListener.initializeSSL OpenSSL successfully initialized [OpenSSL 3.0.13 30 Jan 2024]
16-Aug-2024 16:24:50.990 INFO [main] org.apache.coyote.AbstractProtocol.init Initializing ProtocolHandler ["http-nio-8080"]
16-Aug-2024 16:24:51.009 INFO [main] org.apache.catalina.startup.Catalina.load Server initialization in [582] milliseconds
16-Aug-2024 16:24:51.064 INFO [main] org.apache.catalina.core.StandardService.startInternal Starting service [Catalina]
16-Aug-2024 16:24:51.064 INFO [main] org.apache.catalina.core.StandardEngine.startInternal Starting Servlet engine: [Apache Tomcat/9.0.91]
16-Aug-2024 16:24:51.073 INFO [main] org.apache.catalina.startup.HostConfig.deployDescriptor Deploying deployment descriptor [C:\Users\Binal Lokitha\Desktop\EAD2\Day05\DBprac\webApp_LMS\conf\Catalina\localhost\webApp_war.xml]
16-Aug-2024 16:24:51.469 INFO [main] org.apache.catalina.startup.HostConfig.deployDescriptor Deployment of deployment descriptor [C:\Users\Binal Lokitha\Desktop\EAD2\Day05\DBprac\webApp_LMS\conf\Catalina\localhost\webApp_war.xml] has finished in [395] ms
16-Aug-2024 16:24:51.474 INFO [main] org.apache.coyote.AbstractProtocol.start Starting ProtocolHandler ["http-nio-8080"]
16-Aug-2024 16:24:51.569 INFO [main] org.apache.catalina.startup.Catalina.start Server startup in [559] milliseconds
16-Aug-2024 16:32:40.148 INFO [Thread-1] org.apache.coyote.AbstractProtocol.pause Pausing ProtocolHandler ["http-nio-8080"]
16-Aug-2024 16:32:40.255 INFO [Thread-1] org.apache.catalina.core.StandardService.stopInternal Stopping service [Catalina]
16-Aug-2024 16:32:40.284 INFO [Thread-1] org.apache.coyote.AbstractProtocol.stop Stopping ProtocolHandler ["http-nio-8080"]
16-Aug-2024 16:32:40.303 INFO [Thread-1] org.apache.coyote.AbstractProtocol.destroy Destroying ProtocolHandler ["http-nio-8080"]
16-Aug-2024 16:39:46.971 INFO [main] org.apache.catalina.startup.VersionLoggerListener.log Server version name:   Apache Tomcat/9.0.91
16-Aug-2024 16:39:46.975 INFO [main] org.apache.catalina.startup.VersionLoggerListener.log Server built:          Jul 2 2024 12:35:51 UTC
16-Aug-2024 16:39:46.976 INFO [main] org.apache.catalina.startup.VersionLoggerListener.log Server version number: 9.0.91.0
16-Aug-2024 16:39:46.976 INFO [main] org.apache.catalina.startup.VersionLoggerListener.log OS Name:               Windows 11
16-Aug-2024 16:39:46.976 INFO [main] org.apache.catalina.startup.VersionLoggerListener.log OS Version:            10.0
16-Aug-2024 16:39:46.976 INFO [main] org.apache.catalina.startup.VersionLoggerListener.log Architecture:          amd64
16-Aug-2024 16:39:46.976 INFO [main] org.apache.catalina.startup.VersionLoggerListener.log Java Home:             C:\Users\Binal Lokitha\.jdks\corretto-11.0.24
16-Aug-2024 16:39:46.976 INFO [main] org.apache.catalina.startup.VersionLoggerListener.log JVM Version:           11.0.24+8-LTS
16-Aug-2024 16:39:46.976 INFO [main] org.apache.catalina.startup.VersionLoggerListener.log JVM Vendor:            Amazon.com Inc.
16-Aug-2024 16:39:46.976 INFO [main] org.apache.catalina.startup.VersionLoggerListener.log CATALINA_BASE:         C:\Users\Binal Lokitha\Desktop\EAD2\Day05\DBprac\webApp_LMS
16-Aug-2024 16:39:46.976 INFO [main] org.apache.catalina.startup.VersionLoggerListener.log CATALINA_HOME:         C:\Users\Binal Lokitha\Desktop\DependancyFiles\apache-tomcat-9.0.91-windows-x64\apache-tomcat-9.0.91
16-Aug-2024 16:39:46.991 INFO [main] org.apache.catalina.startup.VersionLoggerListener.log Command line argument: --add-opens=java.base/java.lang=ALL-UNNAMED
16-Aug-2024 16:39:46.991 INFO [main] org.apache.catalina.startup.VersionLoggerListener.log Command line argument: --add-opens=java.base/java.io=ALL-UNNAMED
16-Aug-2024 16:39:46.991 INFO [main] org.apache.catalina.startup.VersionLoggerListener.log Command line argument: --add-opens=java.base/java.util=ALL-UNNAMED
16-Aug-2024 16:39:46.992 INFO [main] org.apache.catalina.startup.VersionLoggerListener.log Command line argument: --add-opens=java.base/java.util.concurrent=ALL-UNNAMED
16-Aug-2024 16:39:46.992 INFO [main] org.apache.catalina.startup.VersionLoggerListener.log Command line argument: --add-opens=java.rmi/sun.rmi.transport=ALL-UNNAMED
16-Aug-2024 16:39:46.992 INFO [main] org.apache.catalina.startup.VersionLoggerListener.log Command line argument: -Dcatalina.home=C:\Users\Binal Lokitha\Desktop\DependancyFiles\apache-tomcat-9.0.91-windows-x64\apache-tomcat-9.0.91
16-Aug-2024 16:39:46.992 INFO [main] org.apache.catalina.startup.VersionLoggerListener.log Command line argument: -Dcatalina.base=C:\Users\Binal Lokitha\Desktop\EAD2\Day05\DBprac\webApp_LMS
16-Aug-2024 16:39:46.992 INFO [main] org.apache.catalina.startup.VersionLoggerListener.log Command line argument: -Djava.io.tmpdir=C:\Users\Binal Lokitha\Desktop\EAD2\Day05\DBprac\webApp_LMS\temp
16-Aug-2024 16:39:46.992 INFO [main] org.apache.catalina.startup.VersionLoggerListener.log Command line argument: -Djava.util.logging.config.file=C:\Users\Binal Lokitha\Desktop\EAD2\Day05\DBprac\webApp_LMS\conf\logging.properties
16-Aug-2024 16:39:46.992 INFO [main] org.apache.catalina.startup.VersionLoggerListener.log Command line argument: -Djava.util.logging.manager=org.apache.juli.ClassLoaderLogManager
16-Aug-2024 16:39:46.992 INFO [main] org.apache.catalina.startup.VersionLoggerListener.log Command line argument: -javaagent:C:\Program Files\JetBrains\IntelliJ IDEA Community Edition 2023.2.2\lib\idea_rt.jar=51773:C:\Program Files\JetBrains\IntelliJ IDEA Community Edition 2023.2.2\bin
16-Aug-2024 16:39:46.992 INFO [main] org.apache.catalina.startup.VersionLoggerListener.log Command line argument: -Dfile.encoding=UTF-8
16-Aug-2024 16:39:46.997 INFO [main] org.apache.catalina.core.AprLifecycleListener.lifecycleEvent Loaded Apache Tomcat Native library [1.3.0] using APR version [1.7.4].
16-Aug-2024 16:39:46.997 INFO [main] org.apache.catalina.core.AprLifecycleListener.lifecycleEvent APR capabilities: IPv6 [true], sendfile [true], accept filters [false], random [true], UDS [true].
16-Aug-2024 16:39:46.997 INFO [main] org.apache.catalina.core.AprLifecycleListener.lifecycleEvent APR/OpenSSL configuration: useAprConnector [false], useOpenSSL [true]
16-Aug-2024 16:39:47.006 INFO [main] org.apache.catalina.core.AprLifecycleListener.initializeSSL OpenSSL successfully initialized [OpenSSL 3.0.13 30 Jan 2024]
16-Aug-2024 16:39:47.355 INFO [main] org.apache.coyote.AbstractProtocol.init Initializing ProtocolHandler ["http-nio-8080"]
16-Aug-2024 16:39:47.383 INFO [main] org.apache.catalina.startup.Catalina.load Server initialization in [627] milliseconds
16-Aug-2024 16:39:47.473 INFO [main] org.apache.catalina.core.StandardService.startInternal Starting service [Catalina]
16-Aug-2024 16:39:47.473 INFO [main] org.apache.catalina.core.StandardEngine.startInternal Starting Servlet engine: [Apache Tomcat/9.0.91]
16-Aug-2024 16:39:47.486 INFO [main] org.apache.catalina.startup.HostConfig.deployDescriptor Deploying deployment descriptor [C:\Users\Binal Lokitha\Desktop\EAD2\Day05\DBprac\webApp_LMS\conf\Catalina\localhost\webApp_war.xml]
16-Aug-2024 16:39:48.088 WARNING [main] org.apache.catalina.util.SessionIdGeneratorBase.createSecureRandom Creation of SecureRandom instance for session ID generation using [SHA1PRNG] took [112] milliseconds.
16-Aug-2024 16:39:48.124 INFO [main] org.apache.catalina.startup.HostConfig.deployDescriptor Deployment of deployment descriptor [C:\Users\Binal Lokitha\Desktop\EAD2\Day05\DBprac\webApp_LMS\conf\Catalina\localhost\webApp_war.xml] has finished in [638] ms
16-Aug-2024 16:39:48.130 INFO [main] org.apache.coyote.AbstractProtocol.start Starting ProtocolHandler ["http-nio-8080"]
16-Aug-2024 16:39:48.246 INFO [main] org.apache.catalina.startup.Catalina.start Server startup in [862] milliseconds
16-Aug-2024 16:51:01.541 INFO [Thread-1] org.apache.coyote.AbstractProtocol.pause Pausing ProtocolHandler ["http-nio-8080"]
16-Aug-2024 16:51:01.639 INFO [Thread-1] org.apache.catalina.core.StandardService.stopInternal Stopping service [Catalina]
16-Aug-2024 16:51:01.655 INFO [Thread-1] org.apache.coyote.AbstractProtocol.stop Stopping ProtocolHandler ["http-nio-8080"]
16-Aug-2024 16:51:01.667 INFO [Thread-1] org.apache.coyote.AbstractProtocol.destroy Destroying ProtocolHandler ["http-nio-8080"]
16-Aug-2024 16:51:17.315 INFO [main] org.apache.catalina.startup.VersionLoggerListener.log Server version name:   Apache Tomcat/9.0.91
16-Aug-2024 16:51:17.318 INFO [main] org.apache.catalina.startup.VersionLoggerListener.log Server built:          Jul 2 2024 12:35:51 UTC
16-Aug-2024 16:51:17.319 INFO [main] org.apache.catalina.startup.VersionLoggerListener.log Server version number: 9.0.91.0
16-Aug-2024 16:51:17.319 INFO [main] org.apache.catalina.startup.VersionLoggerListener.log OS Name:               Windows 11
16-Aug-2024 16:51:17.319 INFO [main] org.apache.catalina.startup.VersionLoggerListener.log OS Version:            10.0
16-Aug-2024 16:51:17.319 INFO [main] org.apache.catalina.startup.VersionLoggerListener.log Architecture:          amd64
16-Aug-2024 16:51:17.319 INFO [main] org.apache.catalina.startup.VersionLoggerListener.log Java Home:             C:\Users\Binal Lokitha\.jdks\corretto-11.0.24
16-Aug-2024 16:51:17.319 INFO [main] org.apache.catalina.startup.VersionLoggerListener.log JVM Version:           11.0.24+8-LTS
16-Aug-2024 16:51:17.319 INFO [main] org.apache.catalina.startup.VersionLoggerListener.log JVM Vendor:            Amazon.com Inc.
16-Aug-2024 16:51:17.319 INFO [main] org.apache.catalina.startup.VersionLoggerListener.log CATALINA_BASE:         C:\Users\Binal Lokitha\Desktop\EAD2\Day05\DBprac\webApp_LMS
16-Aug-2024 16:51:17.319 INFO [main] org.apache.catalina.startup.VersionLoggerListener.log CATALINA_HOME:         C:\Users\Binal Lokitha\Desktop\DependancyFiles\apache-tomcat-9.0.91-windows-x64\apache-tomcat-9.0.91
16-Aug-2024 16:51:17.332 INFO [main] org.apache.catalina.startup.VersionLoggerListener.log Command line argument: --add-opens=java.base/java.lang=ALL-UNNAMED
16-Aug-2024 16:51:17.332 INFO [main] org.apache.catalina.startup.VersionLoggerListener.log Command line argument: --add-opens=java.base/java.io=ALL-UNNAMED
16-Aug-2024 16:51:17.332 INFO [main] org.apache.catalina.startup.VersionLoggerListener.log Command line argument: --add-opens=java.base/java.util=ALL-UNNAMED
16-Aug-2024 16:51:17.332 INFO [main] org.apache.catalina.startup.VersionLoggerListener.log Command line argument: --add-opens=java.base/java.util.concurrent=ALL-UNNAMED
16-Aug-2024 16:51:17.332 INFO [main] org.apache.catalina.startup.VersionLoggerListener.log Command line argument: --add-opens=java.rmi/sun.rmi.transport=ALL-UNNAMED
16-Aug-2024 16:51:17.332 INFO [main] org.apache.catalina.startup.VersionLoggerListener.log Command line argument: -Dcatalina.home=C:\Users\Binal Lokitha\Desktop\DependancyFiles\apache-tomcat-9.0.91-windows-x64\apache-tomcat-9.0.91
16-Aug-2024 16:51:17.332 INFO [main] org.apache.catalina.startup.VersionLoggerListener.log Command line argument: -Dcatalina.base=C:\Users\Binal Lokitha\Desktop\EAD2\Day05\DBprac\webApp_LMS
16-Aug-2024 16:51:17.333 INFO [main] org.apache.catalina.startup.VersionLoggerListener.log Command line argument: -Djava.io.tmpdir=C:\Users\Binal Lokitha\Desktop\EAD2\Day05\DBprac\webApp_LMS\temp
16-Aug-2024 16:51:17.333 INFO [main] org.apache.catalina.startup.VersionLoggerListener.log Command line argument: -Djava.util.logging.config.file=C:\Users\Binal Lokitha\Desktop\EAD2\Day05\DBprac\webApp_LMS\conf\logging.properties
16-Aug-2024 16:51:17.333 INFO [main] org.apache.catalina.startup.VersionLoggerListener.log Command line argument: -Djava.util.logging.manager=org.apache.juli.ClassLoaderLogManager
16-Aug-2024 16:51:17.333 INFO [main] org.apache.catalina.startup.VersionLoggerListener.log Command line argument: -javaagent:C:\Program Files\JetBrains\IntelliJ IDEA Community Edition 2023.2.2\lib\idea_rt.jar=51913:C:\Program Files\JetBrains\IntelliJ IDEA Community Edition 2023.2.2\bin
16-Aug-2024 16:51:17.333 INFO [main] org.apache.catalina.startup.VersionLoggerListener.log Command line argument: -Dfile.encoding=UTF-8
16-Aug-2024 16:51:17.337 INFO [main] org.apache.catalina.core.AprLifecycleListener.lifecycleEvent Loaded Apache Tomcat Native library [1.3.0] using APR version [1.7.4].
16-Aug-2024 16:51:17.338 INFO [main] org.apache.catalina.core.AprLifecycleListener.lifecycleEvent APR capabilities: IPv6 [true], sendfile [true], accept filters [false], random [true], UDS [true].
16-Aug-2024 16:51:17.338 INFO [main] org.apache.catalina.core.AprLifecycleListener.lifecycleEvent APR/OpenSSL configuration: useAprConnector [false], useOpenSSL [true]
16-Aug-2024 16:51:17.346 INFO [main] org.apache.catalina.core.AprLifecycleListener.initializeSSL OpenSSL successfully initialized [OpenSSL 3.0.13 30 Jan 2024]
16-Aug-2024 16:51:17.689 INFO [main] org.apache.coyote.AbstractProtocol.init Initializing ProtocolHandler ["http-nio-8080"]
16-Aug-2024 16:51:17.708 INFO [main] org.apache.catalina.startup.Catalina.load Server initialization in [583] milliseconds
16-Aug-2024 16:51:17.782 INFO [main] org.apache.catalina.core.StandardService.startInternal Starting service [Catalina]
16-Aug-2024 16:51:17.782 INFO [main] org.apache.catalina.core.StandardEngine.startInternal Starting Servlet engine: [Apache Tomcat/9.0.91]
16-Aug-2024 16:51:17.794 INFO [main] org.apache.catalina.startup.HostConfig.deployDescriptor Deploying deployment descriptor [C:\Users\Binal Lokitha\Desktop\EAD2\Day05\DBprac\webApp_LMS\conf\Catalina\localhost\webApp_war.xml]
16-Aug-2024 16:51:18.337 INFO [main] org.apache.catalina.startup.HostConfig.deployDescriptor Deployment of deployment descriptor [C:\Users\Binal Lokitha\Desktop\EAD2\Day05\DBprac\webApp_LMS\conf\Catalina\localhost\webApp_war.xml] has finished in [542] ms
16-Aug-2024 16:51:18.346 INFO [main] org.apache.coyote.AbstractProtocol.start Starting ProtocolHandler ["http-nio-8080"]
16-Aug-2024 16:51:18.496 INFO [main] org.apache.catalina.startup.Catalina.start Server startup in [787] milliseconds
16-Aug-2024 17:09:24.204 INFO [Thread-1] org.apache.coyote.AbstractProtocol.pause Pausing ProtocolHandler ["http-nio-8080"]
16-Aug-2024 17:09:24.306 INFO [Thread-1] org.apache.catalina.core.StandardService.stopInternal Stopping service [Catalina]
16-Aug-2024 17:09:24.324 INFO [Thread-1] org.apache.coyote.AbstractProtocol.stop Stopping ProtocolHandler ["http-nio-8080"]
16-Aug-2024 17:09:24.344 INFO [Thread-1] org.apache.coyote.AbstractProtocol.destroy Destroying ProtocolHandler ["http-nio-8080"]
16-Aug-2024 17:18:39.078 INFO [main] org.apache.catalina.startup.VersionLoggerListener.log Server version name:   Apache Tomcat/9.0.91
16-Aug-2024 17:18:39.084 INFO [main] org.apache.catalina.startup.VersionLoggerListener.log Server built:          Jul 2 2024 12:35:51 UTC
16-Aug-2024 17:18:39.084 INFO [main] org.apache.catalina.startup.VersionLoggerListener.log Server version number: 9.0.91.0
16-Aug-2024 17:18:39.084 INFO [main] org.apache.catalina.startup.VersionLoggerListener.log OS Name:               Windows 11
16-Aug-2024 17:18:39.085 INFO [main] org.apache.catalina.startup.VersionLoggerListener.log OS Version:            10.0
16-Aug-2024 17:18:39.085 INFO [main] org.apache.catalina.startup.VersionLoggerListener.log Architecture:          amd64
16-Aug-2024 17:18:39.085 INFO [main] org.apache.catalina.startup.VersionLoggerListener.log Java Home:             C:\Users\Binal Lokitha\.jdks\corretto-11.0.24
16-Aug-2024 17:18:39.085 INFO [main] org.apache.catalina.startup.VersionLoggerListener.log JVM Version:           11.0.24+8-LTS
16-Aug-2024 17:18:39.085 INFO [main] org.apache.catalina.startup.VersionLoggerListener.log JVM Vendor:            Amazon.com Inc.
16-Aug-2024 17:18:39.085 INFO [main] org.apache.catalina.startup.VersionLoggerListener.log CATALINA_BASE:         C:\Users\Binal Lokitha\Desktop\EAD2\Day05\DBprac\webApp_LMS
16-Aug-2024 17:18:39.085 INFO [main] org.apache.catalina.startup.VersionLoggerListener.log CATALINA_HOME:         C:\Users\Binal Lokitha\Desktop\DependancyFiles\apache-tomcat-9.0.91-windows-x64\apache-tomcat-9.0.91
16-Aug-2024 17:18:39.098 INFO [main] org.apache.catalina.startup.VersionLoggerListener.log Command line argument: --add-opens=java.base/java.lang=ALL-UNNAMED
16-Aug-2024 17:18:39.099 INFO [main] org.apache.catalina.startup.VersionLoggerListener.log Command line argument: --add-opens=java.base/java.io=ALL-UNNAMED
16-Aug-2024 17:18:39.099 INFO [main] org.apache.catalina.startup.VersionLoggerListener.log Command line argument: --add-opens=java.base/java.util=ALL-UNNAMED
16-Aug-2024 17:18:39.099 INFO [main] org.apache.catalina.startup.VersionLoggerListener.log Command line argument: --add-opens=java.base/java.util.concurrent=ALL-UNNAMED
16-Aug-2024 17:18:39.099 INFO [main] org.apache.catalina.startup.VersionLoggerListener.log Command line argument: --add-opens=java.rmi/sun.rmi.transport=ALL-UNNAMED
16-Aug-2024 17:18:39.099 INFO [main] org.apache.catalina.startup.VersionLoggerListener.log Command line argument: -Dcatalina.home=C:\Users\Binal Lokitha\Desktop\DependancyFiles\apache-tomcat-9.0.91-windows-x64\apache-tomcat-9.0.91
16-Aug-2024 17:18:39.099 INFO [main] org.apache.catalina.startup.VersionLoggerListener.log Command line argument: -Dcatalina.base=C:\Users\Binal Lokitha\Desktop\EAD2\Day05\DBprac\webApp_LMS
16-Aug-2024 17:18:39.100 INFO [main] org.apache.catalina.startup.VersionLoggerListener.log Command line argument: -Djava.io.tmpdir=C:\Users\Binal Lokitha\Desktop\EAD2\Day05\DBprac\webApp_LMS\temp
16-Aug-2024 17:18:39.100 INFO [main] org.apache.catalina.startup.VersionLoggerListener.log Command line argument: -Djava.util.logging.config.file=C:\Users\Binal Lokitha\Desktop\EAD2\Day05\DBprac\webApp_LMS\conf\logging.properties
16-Aug-2024 17:18:39.100 INFO [main] org.apache.catalina.startup.VersionLoggerListener.log Command line argument: -Djava.util.logging.manager=org.apache.juli.ClassLoaderLogManager
16-Aug-2024 17:18:39.100 INFO [main] org.apache.catalina.startup.VersionLoggerListener.log Command line argument: -javaagent:C:\Program Files\JetBrains\IntelliJ IDEA Community Edition 2023.2.2\lib\idea_rt.jar=64499:C:\Program Files\JetBrains\IntelliJ IDEA Community Edition 2023.2.2\bin
16-Aug-2024 17:18:39.100 INFO [main] org.apache.catalina.startup.VersionLoggerListener.log Command line argument: -Dfile.encoding=UTF-8
16-Aug-2024 17:18:39.105 INFO [main] org.apache.catalina.core.AprLifecycleListener.lifecycleEvent Loaded Apache Tomcat Native library [1.3.0] using APR version [1.7.4].
16-Aug-2024 17:18:39.105 INFO [main] org.apache.catalina.core.AprLifecycleListener.lifecycleEvent APR capabilities: IPv6 [true], sendfile [true], accept filters [false], random [true], UDS [true].
16-Aug-2024 17:18:39.105 INFO [main] org.apache.catalina.core.AprLifecycleListener.lifecycleEvent APR/OpenSSL configuration: useAprConnector [false], useOpenSSL [true]
16-Aug-2024 17:18:39.111 INFO [main] org.apache.catalina.core.AprLifecycleListener.initializeSSL OpenSSL successfully initialized [OpenSSL 3.0.13 30 Jan 2024]
16-Aug-2024 17:18:39.434 INFO [main] org.apache.coyote.AbstractProtocol.init Initializing ProtocolHandler ["http-nio-8080"]
16-Aug-2024 17:18:39.459 INFO [main] org.apache.catalina.startup.Catalina.load Server initialization in [572] milliseconds
16-Aug-2024 17:18:39.540 INFO [main] org.apache.catalina.core.StandardService.startInternal Starting service [Catalina]
16-Aug-2024 17:18:39.540 INFO [main] org.apache.catalina.core.StandardEngine.startInternal Starting Servlet engine: [Apache Tomcat/9.0.91]
16-Aug-2024 17:18:39.555 INFO [main] org.apache.catalina.startup.HostConfig.deployDescriptor Deploying deployment descriptor [C:\Users\Binal Lokitha\Desktop\EAD2\Day05\DBprac\webApp_LMS\conf\Catalina\localhost\webApp_war.xml]
16-Aug-2024 17:18:40.061 INFO [main] org.apache.catalina.startup.HostConfig.deployDescriptor Deployment of deployment descriptor [C:\Users\Binal Lokitha\Desktop\EAD2\Day05\DBprac\webApp_LMS\conf\Catalina\localhost\webApp_war.xml] has finished in [505] ms
16-Aug-2024 17:18:40.066 INFO [main] org.apache.coyote.AbstractProtocol.start Starting ProtocolHandler ["http-nio-8080"]
16-Aug-2024 17:18:40.190 INFO [main] org.apache.catalina.startup.Catalina.start Server startup in [730] milliseconds
16-Aug-2024 17:46:06.029 INFO [Thread-1] org.apache.coyote.AbstractProtocol.pause Pausing ProtocolHandler ["http-nio-8080"]
16-Aug-2024 17:46:06.294 INFO [Thread-1] org.apache.catalina.core.StandardService.stopInternal Stopping service [Catalina]
16-Aug-2024 17:46:06.325 INFO [Thread-1] org.apache.coyote.AbstractProtocol.stop Stopping ProtocolHandler ["http-nio-8080"]
16-Aug-2024 17:46:06.346 INFO [Thread-1] org.apache.coyote.AbstractProtocol.destroy Destroying ProtocolHandler ["http-nio-8080"]
16-Aug-2024 20:07:44.757 INFO [main] org.apache.catalina.startup.VersionLoggerListener.log Server version name:   Apache Tomcat/9.0.91
16-Aug-2024 20:07:44.759 INFO [main] org.apache.catalina.startup.VersionLoggerListener.log Server built:          Jul 2 2024 12:35:51 UTC
16-Aug-2024 20:07:44.760 INFO [main] org.apache.catalina.startup.VersionLoggerListener.log Server version number: 9.0.91.0
16-Aug-2024 20:07:44.760 INFO [main] org.apache.catalina.startup.VersionLoggerListener.log OS Name:               Windows 11
16-Aug-2024 20:07:44.760 INFO [main] org.apache.catalina.startup.VersionLoggerListener.log OS Version:            10.0
16-Aug-2024 20:07:44.760 INFO [main] org.apache.catalina.startup.VersionLoggerListener.log Architecture:          amd64
16-Aug-2024 20:07:44.760 INFO [main] org.apache.catalina.startup.VersionLoggerListener.log Java Home:             C:\Users\Binal Lokitha\.jdks\corretto-11.0.24
16-Aug-2024 20:07:44.760 INFO [main] org.apache.catalina.startup.VersionLoggerListener.log JVM Version:           11.0.24+8-LTS
16-Aug-2024 20:07:44.760 INFO [main] org.apache.catalina.startup.VersionLoggerListener.log JVM Vendor:            Amazon.com Inc.
16-Aug-2024 20:07:44.760 INFO [main] org.apache.catalina.startup.VersionLoggerListener.log CATALINA_BASE:         C:\Users\Binal Lokitha\Desktop\EAD2\Day05\DBprac\webApp_LMS
16-Aug-2024 20:07:44.760 INFO [main] org.apache.catalina.startup.VersionLoggerListener.log CATALINA_HOME:         C:\Users\Binal Lokitha\Desktop\DependancyFiles\apache-tomcat-9.0.91-windows-x64\apache-tomcat-9.0.91
16-Aug-2024 20:07:44.770 INFO [main] org.apache.catalina.startup.VersionLoggerListener.log Command line argument: --add-opens=java.base/java.lang=ALL-UNNAMED
16-Aug-2024 20:07:44.770 INFO [main] org.apache.catalina.startup.VersionLoggerListener.log Command line argument: --add-opens=java.base/java.io=ALL-UNNAMED
16-Aug-2024 20:07:44.770 INFO [main] org.apache.catalina.startup.VersionLoggerListener.log Command line argument: --add-opens=java.base/java.util=ALL-UNNAMED
16-Aug-2024 20:07:44.770 INFO [main] org.apache.catalina.startup.VersionLoggerListener.log Command line argument: --add-opens=java.base/java.util.concurrent=ALL-UNNAMED
16-Aug-2024 20:07:44.770 INFO [main] org.apache.catalina.startup.VersionLoggerListener.log Command line argument: --add-opens=java.rmi/sun.rmi.transport=ALL-UNNAMED
16-Aug-2024 20:07:44.770 INFO [main] org.apache.catalina.startup.VersionLoggerListener.log Command line argument: -Dcatalina.home=C:\Users\Binal Lokitha\Desktop\DependancyFiles\apache-tomcat-9.0.91-windows-x64\apache-tomcat-9.0.91
16-Aug-2024 20:07:44.770 INFO [main] org.apache.catalina.startup.VersionLoggerListener.log Command line argument: -Dcatalina.base=C:\Users\Binal Lokitha\Desktop\EAD2\Day05\DBprac\webApp_LMS
16-Aug-2024 20:07:44.770 INFO [main] org.apache.catalina.startup.VersionLoggerListener.log Command line argument: -Djava.io.tmpdir=C:\Users\Binal Lokitha\Desktop\EAD2\Day05\DBprac\webApp_LMS\temp
16-Aug-2024 20:07:44.770 INFO [main] org.apache.catalina.startup.VersionLoggerListener.log Command line argument: -Djava.util.logging.config.file=C:\Users\Binal Lokitha\Desktop\EAD2\Day05\DBprac\webApp_LMS\conf\logging.properties
16-Aug-2024 20:07:44.771 INFO [main] org.apache.catalina.startup.VersionLoggerListener.log Command line argument: -Djava.util.logging.manager=org.apache.juli.ClassLoaderLogManager
16-Aug-2024 20:07:44.771 INFO [main] org.apache.catalina.startup.VersionLoggerListener.log Command line argument: -javaagent:C:\Program Files\JetBrains\IntelliJ IDEA Community Edition 2023.2.2\lib\idea_rt.jar=50219:C:\Program Files\JetBrains\IntelliJ IDEA Community Edition 2023.2.2\bin
16-Aug-2024 20:07:44.771 INFO [main] org.apache.catalina.startup.VersionLoggerListener.log Command line argument: -Dfile.encoding=UTF-8
16-Aug-2024 20:07:44.821 INFO [main] org.apache.catalina.core.AprLifecycleListener.lifecycleEvent Loaded Apache Tomcat Native library [1.3.0] using APR version [1.7.4].
16-Aug-2024 20:07:44.821 INFO [main] org.apache.catalina.core.AprLifecycleListener.lifecycleEvent APR capabilities: IPv6 [true], sendfile [true], accept filters [false], random [true], UDS [true].
16-Aug-2024 20:07:44.821 INFO [main] org.apache.catalina.core.AprLifecycleListener.lifecycleEvent APR/OpenSSL configuration: useAprConnector [false], useOpenSSL [true]
16-Aug-2024 20:07:44.844 INFO [main] org.apache.catalina.core.AprLifecycleListener.initializeSSL OpenSSL successfully initialized [OpenSSL 3.0.13 30 Jan 2024]
16-Aug-2024 20:07:45.198 INFO [main] org.apache.coyote.AbstractProtocol.init Initializing ProtocolHandler ["http-nio-8080"]
16-Aug-2024 20:07:45.219 INFO [main] org.apache.catalina.startup.Catalina.load Server initialization in [699] milliseconds
16-Aug-2024 20:07:45.291 INFO [main] org.apache.catalina.core.StandardService.startInternal Starting service [Catalina]
16-Aug-2024 20:07:45.291 INFO [main] org.apache.catalina.core.StandardEngine.startInternal Starting Servlet engine: [Apache Tomcat/9.0.91]
16-Aug-2024 20:07:45.300 INFO [main] org.apache.catalina.startup.HostConfig.deployDescriptor Deploying deployment descriptor [C:\Users\Binal Lokitha\Desktop\EAD2\Day05\DBprac\webApp_LMS\conf\Catalina\localhost\webApp_war.xml]
16-Aug-2024 20:07:45.761 INFO [main] org.apache.catalina.startup.HostConfig.deployDescriptor Deployment of deployment descriptor [C:\Users\Binal Lokitha\Desktop\EAD2\Day05\DBprac\webApp_LMS\conf\Catalina\localhost\webApp_war.xml] has finished in [461] ms
16-Aug-2024 20:07:45.767 INFO [main] org.apache.coyote.AbstractProtocol.start Starting ProtocolHandler ["http-nio-8080"]
16-Aug-2024 20:07:45.898 INFO [main] org.apache.catalina.startup.Catalina.start Server startup in [679] milliseconds
16-Aug-2024 20:17:27.915 INFO [Thread-1] org.apache.coyote.AbstractProtocol.pause Pausing ProtocolHandler ["http-nio-8080"]
16-Aug-2024 20:17:28.029 INFO [Thread-1] org.apache.catalina.core.StandardService.stopInternal Stopping service [Catalina]
16-Aug-2024 20:17:28.045 INFO [Thread-1] org.apache.coyote.AbstractProtocol.stop Stopping ProtocolHandler ["http-nio-8080"]
16-Aug-2024 20:17:28.069 INFO [Thread-1] org.apache.coyote.AbstractProtocol.destroy Destroying ProtocolHandler ["http-nio-8080"]
16-Aug-2024 20:17:35.187 INFO [main] org.apache.catalina.startup.VersionLoggerListener.log Server version name:   Apache Tomcat/9.0.91
16-Aug-2024 20:17:35.191 INFO [main] org.apache.catalina.startup.VersionLoggerListener.log Server built:          Jul 2 2024 12:35:51 UTC
16-Aug-2024 20:17:35.191 INFO [main] org.apache.catalina.startup.VersionLoggerListener.log Server version number: 9.0.91.0
16-Aug-2024 20:17:35.191 INFO [main] org.apache.catalina.startup.VersionLoggerListener.log OS Name:               Windows 11
16-Aug-2024 20:17:35.191 INFO [main] org.apache.catalina.startup.VersionLoggerListener.log OS Version:            10.0
16-Aug-2024 20:17:35.192 INFO [main] org.apache.catalina.startup.VersionLoggerListener.log Architecture:          amd64
16-Aug-2024 20:17:35.192 INFO [main] org.apache.catalina.startup.VersionLoggerListener.log Java Home:             C:\Users\Binal Lokitha\.jdks\corretto-11.0.24
16-Aug-2024 20:17:35.192 INFO [main] org.apache.catalina.startup.VersionLoggerListener.log JVM Version:           11.0.24+8-LTS
16-Aug-2024 20:17:35.192 INFO [main] org.apache.catalina.startup.VersionLoggerListener.log JVM Vendor:            Amazon.com Inc.
16-Aug-2024 20:17:35.192 INFO [main] org.apache.catalina.startup.VersionLoggerListener.log CATALINA_BASE:         C:\Users\Binal Lokitha\Desktop\EAD2\Day05\DBprac\webApp_LMS
16-Aug-2024 20:17:35.192 INFO [main] org.apache.catalina.startup.VersionLoggerListener.log CATALINA_HOME:         C:\Users\Binal Lokitha\Desktop\DependancyFiles\apache-tomcat-9.0.91-windows-x64\apache-tomcat-9.0.91
16-Aug-2024 20:17:35.206 INFO [main] org.apache.catalina.startup.VersionLoggerListener.log Command line argument: --add-opens=java.base/java.lang=ALL-UNNAMED
16-Aug-2024 20:17:35.206 INFO [main] org.apache.catalina.startup.VersionLoggerListener.log Command line argument: --add-opens=java.base/java.io=ALL-UNNAMED
16-Aug-2024 20:17:35.206 INFO [main] org.apache.catalina.startup.VersionLoggerListener.log Command line argument: --add-opens=java.base/java.util=ALL-UNNAMED
16-Aug-2024 20:17:35.207 INFO [main] org.apache.catalina.startup.VersionLoggerListener.log Command line argument: --add-opens=java.base/java.util.concurrent=ALL-UNNAMED
16-Aug-2024 20:17:35.207 INFO [main] org.apache.catalina.startup.VersionLoggerListener.log Command line argument: --add-opens=java.rmi/sun.rmi.transport=ALL-UNNAMED
16-Aug-2024 20:17:35.207 INFO [main] org.apache.catalina.startup.VersionLoggerListener.log Command line argument: -Dcatalina.home=C:\Users\Binal Lokitha\Desktop\DependancyFiles\apache-tomcat-9.0.91-windows-x64\apache-tomcat-9.0.91
16-Aug-2024 20:17:35.207 INFO [main] org.apache.catalina.startup.VersionLoggerListener.log Command line argument: -Dcatalina.base=C:\Users\Binal Lokitha\Desktop\EAD2\Day05\DBprac\webApp_LMS
16-Aug-2024 20:17:35.207 INFO [main] org.apache.catalina.startup.VersionLoggerListener.log Command line argument: -Djava.io.tmpdir=C:\Users\Binal Lokitha\Desktop\EAD2\Day05\DBprac\webApp_LMS\temp
16-Aug-2024 20:17:35.207 INFO [main] org.apache.catalina.startup.VersionLoggerListener.log Command line argument: -Djava.util.logging.config.file=C:\Users\Binal Lokitha\Desktop\EAD2\Day05\DBprac\webApp_LMS\conf\logging.properties
16-Aug-2024 20:17:35.207 INFO [main] org.apache.catalina.startup.VersionLoggerListener.log Command line argument: -Djava.util.logging.manager=org.apache.juli.ClassLoaderLogManager
16-Aug-2024 20:17:35.207 INFO [main] org.apache.catalina.startup.VersionLoggerListener.log Command line argument: -javaagent:C:\Program Files\JetBrains\IntelliJ IDEA Community Edition 2023.2.2\lib\idea_rt.jar=50260:C:\Program Files\JetBrains\IntelliJ IDEA Community Edition 2023.2.2\bin
16-Aug-2024 20:17:35.207 INFO [main] org.apache.catalina.startup.VersionLoggerListener.log Command line argument: -Dfile.encoding=UTF-8
16-Aug-2024 20:17:35.212 INFO [main] org.apache.catalina.core.AprLifecycleListener.lifecycleEvent Loaded Apache Tomcat Native library [1.3.0] using APR version [1.7.4].
16-Aug-2024 20:17:35.212 INFO [main] org.apache.catalina.core.AprLifecycleListener.lifecycleEvent APR capabilities: IPv6 [true], sendfile [true], accept filters [false], random [true], UDS [true].
16-Aug-2024 20:17:35.212 INFO [main] org.apache.catalina.core.AprLifecycleListener.lifecycleEvent APR/OpenSSL configuration: useAprConnector [false], useOpenSSL [true]
16-Aug-2024 20:17:35.219 INFO [main] org.apache.catalina.core.AprLifecycleListener.initializeSSL OpenSSL successfully initialized [OpenSSL 3.0.13 30 Jan 2024]
16-Aug-2024 20:17:35.650 INFO [main] org.apache.coyote.AbstractProtocol.init Initializing ProtocolHandler ["http-nio-8080"]
16-Aug-2024 20:17:35.729 INFO [main] org.apache.catalina.startup.Catalina.load Server initialization in [796] milliseconds
16-Aug-2024 20:17:35.896 INFO [main] org.apache.catalina.core.StandardService.startInternal Starting service [Catalina]
16-Aug-2024 20:17:35.897 INFO [main] org.apache.catalina.core.StandardEngine.startInternal Starting Servlet engine: [Apache Tomcat/9.0.91]
16-Aug-2024 20:17:35.908 INFO [main] org.apache.catalina.startup.HostConfig.deployDescriptor Deploying deployment descriptor [C:\Users\Binal Lokitha\Desktop\EAD2\Day05\DBprac\webApp_LMS\conf\Catalina\localhost\webApp_war.xml]
16-Aug-2024 20:17:36.515 WARNING [main] org.apache.catalina.util.SessionIdGeneratorBase.createSecureRandom Creation of SecureRandom instance for session ID generation using [SHA1PRNG] took [120] milliseconds.
16-Aug-2024 20:17:36.549 INFO [main] org.apache.catalina.startup.HostConfig.deployDescriptor Deployment of deployment descriptor [C:\Users\Binal Lokitha\Desktop\EAD2\Day05\DBprac\webApp_LMS\conf\Catalina\localhost\webApp_war.xml] has finished in [640] ms
16-Aug-2024 20:17:36.554 INFO [main] org.apache.coyote.AbstractProtocol.start Starting ProtocolHandler ["http-nio-8080"]
16-Aug-2024 20:17:36.705 INFO [main] org.apache.catalina.startup.Catalina.start Server startup in [975] milliseconds
16-Aug-2024 20:26:56.271 INFO [Thread-1] org.apache.coyote.AbstractProtocol.pause Pausing ProtocolHandler ["http-nio-8080"]
16-Aug-2024 20:26:56.383 INFO [Thread-1] org.apache.catalina.core.StandardService.stopInternal Stopping service [Catalina]
16-Aug-2024 20:26:56.399 INFO [Thread-1] org.apache.coyote.AbstractProtocol.stop Stopping ProtocolHandler ["http-nio-8080"]
16-Aug-2024 20:26:56.410 INFO [Thread-1] org.apache.coyote.AbstractProtocol.destroy Destroying ProtocolHandler ["http-nio-8080"]
16-Aug-2024 20:26:59.960 INFO [main] org.apache.catalina.startup.VersionLoggerListener.log Server version name:   Apache Tomcat/9.0.91
16-Aug-2024 20:26:59.963 INFO [main] org.apache.catalina.startup.VersionLoggerListener.log Server built:          Jul 2 2024 12:35:51 UTC
16-Aug-2024 20:26:59.963 INFO [main] org.apache.catalina.startup.VersionLoggerListener.log Server version number: 9.0.91.0
16-Aug-2024 20:26:59.963 INFO [main] org.apache.catalina.startup.VersionLoggerListener.log OS Name:               Windows 11
16-Aug-2024 20:26:59.963 INFO [main] org.apache.catalina.startup.VersionLoggerListener.log OS Version:            10.0
16-Aug-2024 20:26:59.963 INFO [main] org.apache.catalina.startup.VersionLoggerListener.log Architecture:          amd64
16-Aug-2024 20:26:59.964 INFO [main] org.apache.catalina.startup.VersionLoggerListener.log Java Home:             C:\Users\Binal Lokitha\.jdks\corretto-11.0.24
16-Aug-2024 20:26:59.964 INFO [main] org.apache.catalina.startup.VersionLoggerListener.log JVM Version:           11.0.24+8-LTS
16-Aug-2024 20:26:59.964 INFO [main] org.apache.catalina.startup.VersionLoggerListener.log JVM Vendor:            Amazon.com Inc.
16-Aug-2024 20:26:59.964 INFO [main] org.apache.catalina.startup.VersionLoggerListener.log CATALINA_BASE:         C:\Users\Binal Lokitha\Desktop\EAD2\Day05\DBprac\webApp_LMS
16-Aug-2024 20:26:59.964 INFO [main] org.apache.catalina.startup.VersionLoggerListener.log CATALINA_HOME:         C:\Users\Binal Lokitha\Desktop\DependancyFiles\apache-tomcat-9.0.91-windows-x64\apache-tomcat-9.0.91
16-Aug-2024 20:26:59.974 INFO [main] org.apache.catalina.startup.VersionLoggerListener.log Command line argument: --add-opens=java.base/java.lang=ALL-UNNAMED
16-Aug-2024 20:26:59.974 INFO [main] org.apache.catalina.startup.VersionLoggerListener.log Command line argument: --add-opens=java.base/java.io=ALL-UNNAMED
16-Aug-2024 20:26:59.974 INFO [main] org.apache.catalina.startup.VersionLoggerListener.log Command line argument: --add-opens=java.base/java.util=ALL-UNNAMED
16-Aug-2024 20:26:59.974 INFO [main] org.apache.catalina.startup.VersionLoggerListener.log Command line argument: --add-opens=java.base/java.util.concurrent=ALL-UNNAMED
16-Aug-2024 20:26:59.975 INFO [main] org.apache.catalina.startup.VersionLoggerListener.log Command line argument: --add-opens=java.rmi/sun.rmi.transport=ALL-UNNAMED
16-Aug-2024 20:26:59.975 INFO [main] org.apache.catalina.startup.VersionLoggerListener.log Command line argument: -Dcatalina.home=C:\Users\Binal Lokitha\Desktop\DependancyFiles\apache-tomcat-9.0.91-windows-x64\apache-tomcat-9.0.91
16-Aug-2024 20:26:59.975 INFO [main] org.apache.catalina.startup.VersionLoggerListener.log Command line argument: -Dcatalina.base=C:\Users\Binal Lokitha\Desktop\EAD2\Day05\DBprac\webApp_LMS
16-Aug-2024 20:26:59.975 INFO [main] org.apache.catalina.startup.VersionLoggerListener.log Command line argument: -Djava.io.tmpdir=C:\Users\Binal Lokitha\Desktop\EAD2\Day05\DBprac\webApp_LMS\temp
16-Aug-2024 20:26:59.975 INFO [main] org.apache.catalina.startup.VersionLoggerListener.log Command line argument: -Djava.util.logging.config.file=C:\Users\Binal Lokitha\Desktop\EAD2\Day05\DBprac\webApp_LMS\conf\logging.properties
16-Aug-2024 20:26:59.975 INFO [main] org.apache.catalina.startup.VersionLoggerListener.log Command line argument: -Djava.util.logging.manager=org.apache.juli.ClassLoaderLogManager
16-Aug-2024 20:26:59.975 INFO [main] org.apache.catalina.startup.VersionLoggerListener.log Command line argument: -javaagent:C:\Program Files\JetBrains\IntelliJ IDEA Community Edition 2023.2.2\lib\idea_rt.jar=50302:C:\Program Files\JetBrains\IntelliJ IDEA Community Edition 2023.2.2\bin
16-Aug-2024 20:26:59.975 INFO [main] org.apache.catalina.startup.VersionLoggerListener.log Command line argument: -Dfile.encoding=UTF-8
16-Aug-2024 20:26:59.979 INFO [main] org.apache.catalina.core.AprLifecycleListener.lifecycleEvent Loaded Apache Tomcat Native library [1.3.0] using APR version [1.7.4].
16-Aug-2024 20:26:59.979 INFO [main] org.apache.catalina.core.AprLifecycleListener.lifecycleEvent APR capabilities: IPv6 [true], sendfile [true], accept filters [false], random [true], UDS [true].
16-Aug-2024 20:26:59.979 INFO [main] org.apache.catalina.core.AprLifecycleListener.lifecycleEvent APR/OpenSSL configuration: useAprConnector [false], useOpenSSL [true]
16-Aug-2024 20:26:59.986 INFO [main] org.apache.catalina.core.AprLifecycleListener.initializeSSL OpenSSL successfully initialized [OpenSSL 3.0.13 30 Jan 2024]
16-Aug-2024 20:27:00.368 INFO [main] org.apache.coyote.AbstractProtocol.init Initializing ProtocolHandler ["http-nio-8080"]
16-Aug-2024 20:27:00.393 INFO [main] org.apache.catalina.startup.Catalina.load Server initialization in [669] milliseconds
16-Aug-2024 20:27:00.482 INFO [main] org.apache.catalina.core.StandardService.startInternal Starting service [Catalina]
16-Aug-2024 20:27:00.482 INFO [main] org.apache.catalina.core.StandardEngine.startInternal Starting Servlet engine: [Apache Tomcat/9.0.91]
16-Aug-2024 20:27:00.497 INFO [main] org.apache.catalina.startup.HostConfig.deployDescriptor Deploying deployment descriptor [C:\Users\Binal Lokitha\Desktop\EAD2\Day05\DBprac\webApp_LMS\conf\Catalina\localhost\webApp_war.xml]
16-Aug-2024 20:27:01.139 WARNING [main] org.apache.catalina.util.SessionIdGeneratorBase.createSecureRandom Creation of SecureRandom instance for session ID generation using [SHA1PRNG] took [153] milliseconds.
16-Aug-2024 20:27:01.176 INFO [main] org.apache.catalina.startup.HostConfig.deployDescriptor Deployment of deployment descriptor [C:\Users\Binal Lokitha\Desktop\EAD2\Day05\DBprac\webApp_LMS\conf\Catalina\localhost\webApp_war.xml] has finished in [679] ms
16-Aug-2024 20:27:01.182 INFO [main] org.apache.coyote.AbstractProtocol.start Starting ProtocolHandler ["http-nio-8080"]
16-Aug-2024 20:27:01.312 INFO [main] org.apache.catalina.startup.Catalina.start Server startup in [918] milliseconds
16-Aug-2024 20:28:51.575 INFO [Thread-1] org.apache.coyote.AbstractProtocol.pause Pausing ProtocolHandler ["http-nio-8080"]
16-Aug-2024 20:28:51.701 INFO [Thread-1] org.apache.catalina.core.StandardService.stopInternal Stopping service [Catalina]
16-Aug-2024 20:28:51.717 INFO [Thread-1] org.apache.coyote.AbstractProtocol.stop Stopping ProtocolHandler ["http-nio-8080"]
16-Aug-2024 20:28:51.732 INFO [Thread-1] org.apache.coyote.AbstractProtocol.destroy Destroying ProtocolHandler ["http-nio-8080"]
